2025-11-11 12:35:54,769 - INFO - System RAM: 36.9GB available / 63.8GB total
2025-11-11 12:35:54,776 - INFO -    Will cache 5.3GB dataset in RAM
2025-11-11 12:35:54,776 - INFO - ======================================================================
2025-11-11 12:35:54,777 - INFO - RTX 4080 MAXIMUM PERFORMANCE TRAINING
2025-11-11 12:35:54,777 - INFO - ======================================================================
2025-11-11 12:35:54,777 - INFO - Mode: RAM
2025-11-11 12:35:54,777 - INFO - Batch size: 1024
2025-11-11 12:35:54,777 - INFO - Accumulation: 1
2025-11-11 12:35:54,777 - INFO - Effective batch: 1024
2025-11-11 12:35:54,777 - INFO - Workers: 12
2025-11-11 12:35:54,777 - INFO - Learning rate: 0.0005
2025-11-11 12:35:54,778 - INFO - Triton: False
2025-11-11 12:35:54,778 - INFO - ======================================================================
2025-11-11 12:35:54,778 - INFO - Initializing dataset...
2025-11-11 12:35:54,815 - INFO - Dataset size: 4.96GB
2025-11-11 12:35:54,815 - INFO - Available RAM: 36.82GB
2025-11-11 12:36:05,895 - INFO - Computing normalization statistics...
2025-11-11 12:36:10,587 - INFO - Train: 106,525 | Val: 26,632
2025-11-11 12:36:10,668 - INFO - Model parameters: 2,155,392
2025-11-11 12:36:10,669 - INFO - Device: cuda
2025-11-11 12:36:10,669 - INFO - Effective batch size: 1024
2025-11-11 12:36:10,669 - INFO - GPU: NVIDIA GeForce RTX 4080
2025-11-11 12:36:10,669 - INFO - VRAM: 16.0GB
2025-11-11 12:36:10,670 - INFO - ======================================================================
2025-11-11 12:36:10,670 - INFO - Target: <4.5hrs, >90% accuracy, >95% GPU utilization
2025-11-11 12:36:10,671 - INFO - ======================================================================
